#
# There is insufficient memory for the Java Runtime Environment to continue.
# Native memory allocation (malloc) failed to allocate 1173440 bytes for Chunk::new
# Possible reasons:
#   The system is out of physical RAM or swap space
#   In 32 bit mode, the process size limit was hit
# Possible solutions:
#   Reduce memory load on the system
#   Increase physical memory or swap space
#   Check if swap backing store is full
#   Use 64 bit Java on a 64 bit OS
#   Decrease Java heap size (-Xmx/-Xms)
#   Decrease number of Java threads
#   Decrease Java thread stack sizes (-Xss)
#   Set larger code cache with -XX:ReservedCodeCacheSize=
# This output file may be truncated or incomplete.
#
#  Out of Memory Error (allocation.cpp:390), pid=12900, tid=0x0000000000001c38
#
# JRE version: Java(TM) SE Runtime Environment (8.0_151-b12) (build 1.8.0_151-b12)
# Java VM: Java HotSpot(TM) 64-Bit Server VM (25.151-b12 mixed mode windows-amd64 compressed oops)
# Failed to write core dump. Minidumps are not enabled by default on client versions of Windows
#

---------------  T H R E A D  ---------------

Current thread (0x000000003c685000):  JavaThread "C2 CompilerThread2" daemon [_thread_in_native, id=7224, stack(0x000000003d070000,0x000000003d170000)]

Stack: [0x000000003d070000,0x000000003d170000]
[error occurred during error reporting (printing stack bounds), id 0xc0000005]

Native frames: (J=compiled Java code, j=interpreted, Vv=VM code, C=native code)


Current CompileTask:
C2: 696622 4709 %     4       fr.ocelet.model.dynpopculicoides.DynPopCulicoides::run_DynPopCulicoides @ 3754 (4579 bytes)


---------------  P R O C E S S  ---------------

Java Threads: ( => current thread )
  0x000000003ea60800 JavaThread "GT authority factory disposer" daemon [_thread_blocked, id=13240, stack(0x0000000040470000,0x0000000040570000)]
  0x000000003e667000 JavaThread "WeakCollectionCleaner" daemon [_thread_blocked, id=11452, stack(0x000000003eda0000,0x000000003eea0000)]
  0x000000003c711000 JavaThread "Service Thread" daemon [_thread_blocked, id=12520, stack(0x000000003d270000,0x000000003d370000)]
  0x000000003c68b000 JavaThread "C1 CompilerThread3" daemon [_thread_blocked, id=7904, stack(0x000000003d170000,0x000000003d270000)]
=>0x000000003c685000 JavaThread "C2 CompilerThread2" daemon [_thread_in_native, id=7224, stack(0x000000003d070000,0x000000003d170000)]
  0x000000003c681000 JavaThread "C2 CompilerThread1" daemon [_thread_blocked, id=12440, stack(0x000000003cf70000,0x000000003d070000)]
  0x000000003c67c800 JavaThread "C2 CompilerThread0" daemon [_thread_blocked, id=8412, stack(0x000000003ce70000,0x000000003cf70000)]
  0x000000003c67a000 JavaThread "Attach Listener" daemon [_thread_blocked, id=12636, stack(0x000000003cd70000,0x000000003ce70000)]
  0x000000003a76d800 JavaThread "Signal Dispatcher" daemon [_thread_blocked, id=2528, stack(0x000000003cc70000,0x000000003cd70000)]
  0x000000003c670800 JavaThread "Finalizer" daemon [_thread_blocked, id=6360, stack(0x000000003ca50000,0x000000003cb50000)]
  0x0000000004cdb000 JavaThread "Reference Handler" daemon [_thread_blocked, id=13204, stack(0x000000003c550000,0x000000003c650000)]
  0x0000000004be4800 JavaThread "main" [_thread_in_Java, id=9844, stack(0x0000000004ae0000,0x0000000004be0000)]

Other Threads:
  0x000000003a759000 VMThread [stack: 0x000000003c450000,0x000000003c550000] [id=12388]
  0x000000003c777800 WatcherThread [stack: 0x000000003d4d0000,0x000000003d5d0000] [id=5624]

VM state:not at safepoint (normal execution)

VM Mutex/Monitor currently owned by a thread: None

Heap:
 PSYoungGen      total 5475840K, used 1402869K [0x000000066bc00000, 0x00000007bf280000, 0x00000007c0000000)
  eden space 5395456K, 25% used [0x000000066bc00000,0x00000006c156d738,0x00000007b5100000)
  from space 80384K, 0% used [0x00000007b5100000,0x00000007b5190000,0x00000007b9f80000)
  to   space 75776K, 0% used [0x00000007ba880000,0x00000007ba880000,0x00000007bf280000)
 ParOldGen       total 6236672K, used 4208922K [0x00000003c3400000, 0x000000053fe80000, 0x000000066bc00000)
  object space 6236672K, 67% used [0x00000003c3400000,0x00000004c4246a60,0x000000053fe80000)
 Metaspace       used 25761K, capacity 26258K, committed 26496K, reserved 1073152K
  class space    used 3016K, capacity 3113K, committed 3200K, reserved 1048576K

Card table byte_map: [0x00000000140a0000,0x0000000016090000] byte_map_base: 0x0000000012286000

Marking Bits: (ParMarkBitMap*) 0x000000005886d850
 Begin Bits: [0x0000000017de0000, 0x0000000027d10000)
 End Bits:   [0x0000000027d10000, 0x0000000037c40000)

Polling page: 0x00000000009e0000

CodeCache: size=245760Kb used=18673Kb max_used=20903Kb free=227086Kb
 bounds [0x0000000004ce0000, 0x0000000006310000, 0x0000000013ce0000]
 total_blobs=3984 nmethods=3458 adapters=438
 compilation: enabled

Compilation events (10 events):
Event: 650.891 Thread 0x000000003c68b000 nmethod 4706 0x000000000519c210 code [0x000000000519c360, 0x000000000519c470]
Event: 650.908 Thread 0x000000003c685000 nmethod 4701% 0x00000000058d3b90 code [0x00000000058d3d60, 0x00000000058d49a8]
Event: 650.947 Thread 0x000000003c67c800 nmethod 4702 0x00000000050c8f50 code [0x00000000050c9400, 0x00000000050cc940]
Event: 694.168 Thread 0x000000003c681000 4708       4       fr.ocelet.runtime.relation.GeomCellEdge::makeLines (300 bytes)
Event: 694.224 Thread 0x000000003c681000 nmethod 4708 0x0000000005a44390 code [0x0000000005a447a0, 0x0000000005a48568]
Event: 696.460 Thread 0x000000003c685000 4709 %     4       fr.ocelet.model.dynpopculicoides.DynPopCulicoides::run_DynPopCulicoides @ 3754 (4579 bytes)
Event: 696.464 Thread 0x000000003c68b000 4710       3       java.security.MessageDigest$Delegate::engineDigest (8 bytes)
Event: 696.464 Thread 0x000000003c68b000 nmethod 4710 0x0000000004df8890 code [0x0000000004df8a00, 0x0000000004df8c28]
Event: 696.464 Thread 0x000000003c68b000 4711   !   3       sun.security.provider.DigestBase::engineDigest (39 bytes)
Event: 696.465 Thread 0x000000003c68b000 nmethod 4711 0x00000000053e0350 code [0x00000000053e0500, 0x00000000053e0a48]

GC Heap History (10 events):
Event: 675.319 GC heap before
{Heap before GC invocations=125 (full 16):
 PSYoungGen      total 5475840K, used 5376544K [0x000000066bc00000, 0x00000007c0000000, 0x00000007c0000000)
  eden space 5376000K, 100% used [0x000000066bc00000,0x00000007b3e00000,0x00000007b3e00000)
  from space 99840K, 0% used [0x00000007b9e80000,0x00000007b9f08000,0x00000007c0000000)
  to   space 98816K, 0% used [0x00000007b3e00000,0x00000007b3e00000,0x00000007b9e80000)
 ParOldGen       total 6236672K, used 4208922K [0x00000003c3400000, 0x000000053fe80000, 0x000000066bc00000)
  object space 6236672K, 67% used [0x00000003c3400000,0x00000004c4246a60,0x000000053fe80000)
 Metaspace       used 25759K, capacity 26258K, committed 26496K, reserved 1073152K
  class space    used 3016K, capacity 3113K, committed 3200K, reserved 1048576K
Event: 675.329 GC heap after
Heap after GC invocations=125 (full 16):
 PSYoungGen      total 5377024K, used 672K [0x000000066bc00000, 0x00000007bf600000, 0x00000007c0000000)
  eden space 5376000K, 0% used [0x000000066bc00000,0x000000066bc00000,0x00000007b3e00000)
  from space 1024K, 65% used [0x00000007b3e00000,0x00000007b3ea8000,0x00000007b3f00000)
  to   space 94208K, 0% used [0x00000007b9a00000,0x00000007b9a00000,0x00000007bf600000)
 ParOldGen       total 6236672K, used 4208922K [0x00000003c3400000, 0x000000053fe80000, 0x000000066bc00000)
  object space 6236672K, 67% used [0x00000003c3400000,0x00000004c4246a60,0x000000053fe80000)
 Metaspace       used 25759K, capacity 26258K, committed 26496K, reserved 1073152K
  class space    used 3016K, capacity 3113K, committed 3200K, reserved 1048576K
}
Event: 679.876 GC heap before
{Heap before GC invocations=126 (full 16):
 PSYoungGen      total 5377024K, used 5376672K [0x000000066bc00000, 0x00000007bf600000, 0x00000007c0000000)
  eden space 5376000K, 100% used [0x000000066bc00000,0x00000007b3e00000,0x00000007b3e00000)
  from space 1024K, 65% used [0x00000007b3e00000,0x00000007b3ea8000,0x00000007b3f00000)
  to   space 94208K, 0% used [0x00000007b9a00000,0x00000007b9a00000,0x00000007bf600000)
 ParOldGen       total 6236672K, used 4208922K [0x00000003c3400000, 0x000000053fe80000, 0x000000066bc00000)
  object space 6236672K, 67% used [0x00000003c3400000,0x00000004c4246a60,0x000000053fe80000)
 Metaspace       used 25759K, capacity 26258K, committed 26496K, reserved 1073152K
  class space    used 3016K, capacity 3113K, committed 3200K, reserved 1048576K
Event: 679.885 GC heap after
Heap after GC invocations=126 (full 16):
 PSYoungGen      total 5474816K, used 832K [0x000000066bc00000, 0x00000007c0000000, 0x00000007c0000000)
  eden space 5380608K, 0% used [0x000000066bc00000,0x000000066bc00000,0x00000007b4280000)
  from space 94208K, 0% used [0x00000007b9a00000,0x00000007b9ad0000,0x00000007bf600000)
  to   space 89600K, 0% used [0x00000007b4280000,0x00000007b4280000,0x00000007b9a00000)
 ParOldGen       total 6236672K, used 4208922K [0x00000003c3400000, 0x000000053fe80000, 0x000000066bc00000)
  object space 6236672K, 67% used [0x00000003c3400000,0x00000004c4246a60,0x000000053fe80000)
 Metaspace       used 25759K, capacity 26258K, committed 26496K, reserved 1073152K
  class space    used 3016K, capacity 3113K, committed 3200K, reserved 1048576K
}
Event: 684.544 GC heap before
{Heap before GC invocations=127 (full 16):
 PSYoungGen      total 5474816K, used 5381440K [0x000000066bc00000, 0x00000007c0000000, 0x00000007c0000000)
  eden space 5380608K, 100% used [0x000000066bc00000,0x00000007b4280000,0x00000007b4280000)
  from space 94208K, 0% used [0x00000007b9a00000,0x00000007b9ad0000,0x00000007bf600000)
  to   space 89600K, 0% used [0x00000007b4280000,0x00000007b4280000,0x00000007b9a00000)
 ParOldGen       total 6236672K, used 4208922K [0x00000003c3400000, 0x000000053fe80000, 0x000000066bc00000)
  object space 6236672K, 67% used [0x00000003c3400000,0x00000004c4246a60,0x000000053fe80000)
 Metaspace       used 25759K, capacity 26258K, committed 26496K, reserved 1073152K
  class space    used 3016K, capacity 3113K, committed 3200K, reserved 1048576K
Event: 684.553 GC heap after
Heap after GC invocations=127 (full 16):
 PSYoungGen      total 5470208K, used 608K [0x000000066bc00000, 0x00000007bf280000, 0x00000007c0000000)
  eden space 5380608K, 0% used [0x000000066bc00000,0x000000066bc00000,0x00000007b4280000)
  from space 89600K, 0% used [0x00000007b4280000,0x00000007b4318000,0x00000007b9a00000)
  to   space 84992K, 0% used [0x00000007b9f80000,0x00000007b9f80000,0x00000007bf280000)
 ParOldGen       total 6236672K, used 4208922K [0x00000003c3400000, 0x000000053fe80000, 0x000000066bc00000)
  object space 6236672K, 67% used [0x00000003c3400000,0x00000004c4246a60,0x000000053fe80000)
 Metaspace       used 25759K, capacity 26258K, committed 26496K, reserved 1073152K
  class space    used 3016K, capacity 3113K, committed 3200K, reserved 1048576K
}
Event: 689.101 GC heap before
{Heap before GC invocations=128 (full 16):
 PSYoungGen      total 5470208K, used 5381216K [0x000000066bc00000, 0x00000007bf280000, 0x00000007c0000000)
  eden space 5380608K, 100% used [0x000000066bc00000,0x00000007b4280000,0x00000007b4280000)
  from space 89600K, 0% used [0x00000007b4280000,0x00000007b4318000,0x00000007b9a00000)
  to   space 84992K, 0% used [0x00000007b9f80000,0x00000007b9f80000,0x00000007bf280000)
 ParOldGen       total 6236672K, used 4208922K [0x00000003c3400000, 0x000000053fe80000, 0x000000066bc00000)
  object space 6236672K, 67% used [0x00000003c3400000,0x00000004c4246a60,0x000000053fe80000)
 Metaspace       used 25759K, capacity 26258K, committed 26496K, reserved 1073152K
  class space    used 3016K, capacity 3113K, committed 3200K, reserved 1048576K
Event: 689.110 GC heap after
Heap after GC invocations=128 (full 16):
 PSYoungGen      total 5480448K, used 448K [0x000000066bc00000, 0x00000007bf280000, 0x00000007c0000000)
  eden space 5395456K, 0% used [0x000000066bc00000,0x000000066bc00000,0x00000007b5100000)
  from space 84992K, 0% used [0x00000007b9f80000,0x00000007b9ff0000,0x00000007bf280000)
  to   space 80384K, 0% used [0x00000007b5100000,0x00000007b5100000,0x00000007b9f80000)
 ParOldGen       total 6236672K, used 4208922K [0x00000003c3400000, 0x000000053fe80000, 0x000000066bc00000)
  object space 6236672K, 67% used [0x00000003c3400000,0x00000004c4246a60,0x000000053fe80000)
 Metaspace       used 25759K, capacity 26258K, committed 26496K, reserved 1073152K
  class space    used 3016K, capacity 3113K, committed 3200K, reserved 1048576K
}
Event: 694.132 GC heap before
{Heap before GC invocations=129 (full 16):
 PSYoungGen      total 5480448K, used 5395904K [0x000000066bc00000, 0x00000007bf280000, 0x00000007c0000000)
  eden space 5395456K, 100% used [0x000000066bc00000,0x00000007b5100000,0x00000007b5100000)
  from space 84992K, 0% used [0x00000007b9f80000,0x00000007b9ff0000,0x00000007bf280000)
  to   space 80384K, 0% used [0x00000007b5100000,0x00000007b5100000,0x00000007b9f80000)
 ParOldGen       total 6236672K, used 4208922K [0x00000003c3400000, 0x000000053fe80000, 0x000000066bc00000)
  object space 6236672K, 67% used [0x00000003c3400000,0x00000004c4246a60,0x000000053fe80000)
 Metaspace       used 25759K, capacity 26258K, committed 26496K, reserved 1073152K
  class space    used 3016K, capacity 3113K, committed 3200K, reserved 1048576K
Event: 694.142 GC heap after
Heap after GC invocations=129 (full 16):
 PSYoungGen      total 5475840K, used 576K [0x000000066bc00000, 0x00000007bf280000, 0x00000007c0000000)
  eden space 5395456K, 0% used [0x000000066bc00000,0x000000066bc00000,0x00000007b5100000)
  from space 80384K, 0% used [0x00000007b5100000,0x00000007b5190000,0x00000007b9f80000)
  to   space 75776K, 0% used [0x00000007ba880000,0x00000007ba880000,0x00000007bf280000)
 ParOldGen       total 6236672K, used 4208922K [0x00000003c3400000, 0x000000053fe80000, 0x000000066bc00000)
  object space 6236672K, 67% used [0x00000003c3400000,0x00000004c4246a60,0x000000053fe80000)
 Metaspace       used 25759K, capacity 26258K, committed 26496K, reserved 1073152K
  class space    used 3016K, capacity 3113K, committed 3200K, reserved 1048576K
}

Deoptimization events (10 events):
Event: 380.476 Thread 0x0000000004be4800 Uncommon trap: reason=unstable_if action=reinterpret pc=0x00000000057fe934 method=fr.ocelet.model.dynpopculicoides.DynPopCulicoides.run_DynPopCulicoides()V @ 1836
Event: 436.717 Thread 0x0000000004be4800 Uncommon trap: reason=unstable_if action=reinterpret pc=0x0000000005e83e58 method=fr.ocelet.model.dynpopculicoides.DynPopCulicoides.run_DynPopCulicoides()V @ 4068
Event: 436.720 Thread 0x0000000004be4800 Uncommon trap: reason=unstable_if action=reinterpret pc=0x0000000005d7c120 method=fr.ocelet.model.dynpopculicoides.DynPopCulicoides.run_DynPopCulicoides()V @ 4068
Event: 506.938 Thread 0x0000000004be4800 Uncommon trap: reason=unstable_if action=reinterpret pc=0x0000000005cc7afc method=fr.ocelet.model.dynpopculicoides.DynPopCulicoides.run_DynPopCulicoides()V @ 1852
Event: 563.488 Thread 0x0000000004be4800 Uncommon trap: reason=unstable_if action=reinterpret pc=0x0000000005e4647c method=fr.ocelet.model.dynpopculicoides.DynPopCulicoides.run_DynPopCulicoides()V @ 4084
Event: 563.500 Thread 0x0000000004be4800 Uncommon trap: reason=unstable_if action=reinterpret pc=0x0000000005e08358 method=fr.ocelet.model.dynpopculicoides.DynPopCulicoides.run_DynPopCulicoides()V @ 4084
Event: 629.056 Thread 0x0000000004be4800 Uncommon trap: reason=unstable_if action=reinterpret pc=0x0000000005a50f70 method=sun.misc.FDBigInteger.addAndCmp(Lsun/misc/FDBigInteger;Lsun/misc/FDBigInteger;)I @ 215
Event: 629.059 Thread 0x0000000004be4800 Uncommon trap: reason=unstable_if action=reinterpret pc=0x0000000005ec2d9c method=fr.ocelet.model.dynpopculicoides.DynPopCulicoides.run_DynPopCulicoides()V @ 4092
Event: 629.060 Thread 0x0000000004be4800 Uncommon trap: reason=unstable_if action=reinterpret pc=0x00000000058ce038 method=sun.misc.FDBigInteger.addAndCmp(Lsun/misc/FDBigInteger;Lsun/misc/FDBigInteger;)I @ 215
Event: 637.418 Thread 0x0000000004be4800 Uncommon trap: reason=unstable_if action=reinterpret pc=0x0000000005f00d78 method=fr.ocelet.model.dynpopculicoides.DynPopCulicoides.run_DynPopCulicoides()V @ 1868

Internal exceptions (10 events):
Event: 518.734 Thread 0x0000000004be4800 Exception <a 'java/lang/NoClassDefFoundError': com/esri/sde/sdk/client/SeConnection> (0x000000068816ed48) thrown at [C:\re\workspace\8-2-build-windows-amd64-cygwin\jdk8u151\9699\hotspot\src\share\vm\oops\constantPool.cpp, line 235]
Event: 518.762 Thread 0x0000000004be4800 Exception <a 'java/io/FileNotFoundException'> (0x0000000688185190) thrown at [C:\re\workspace\8-2-build-windows-amd64-cygwin\jdk8u151\9699\hotspot\src\share\vm\prims\jni.cpp, line 709]
Event: 571.246 Thread 0x0000000004be4800 Exception <a 'java/lang/NoClassDefFoundError': com/esri/sde/sdk/client/SeConnection> (0x000000067aff8760) thrown at [C:\re\workspace\8-2-build-windows-amd64-cygwin\jdk8u151\9699\hotspot\src\share\vm\oops\constantPool.cpp, line 235]
Event: 571.287 Thread 0x0000000004be4800 Exception <a 'java/io/FileNotFoundException'> (0x000000067b00f028) thrown at [C:\re\workspace\8-2-build-windows-amd64-cygwin\jdk8u151\9699\hotspot\src\share\vm\prims\jni.cpp, line 709]
Event: 583.387 Thread 0x0000000004be4800 Exception <a 'java/lang/NoClassDefFoundError': com/esri/sde/sdk/client/SeConnection> (0x000000071200abe8) thrown at [C:\re\workspace\8-2-build-windows-amd64-cygwin\jdk8u151\9699\hotspot\src\share\vm\oops\constantPool.cpp, line 235]
Event: 583.430 Thread 0x0000000004be4800 Exception <a 'java/io/FileNotFoundException'> (0x0000000712021030) thrown at [C:\re\workspace\8-2-build-windows-amd64-cygwin\jdk8u151\9699\hotspot\src\share\vm\prims\jni.cpp, line 709]
Event: 637.421 Thread 0x0000000004be4800 Exception <a 'java/lang/NoClassDefFoundError': com/esri/sde/sdk/client/SeConnection> (0x0000000719fae990) thrown at [C:\re\workspace\8-2-build-windows-amd64-cygwin\jdk8u151\9699\hotspot\src\share\vm\oops\constantPool.cpp, line 235]
Event: 637.457 Thread 0x0000000004be4800 Exception <a 'java/io/FileNotFoundException'> (0x0000000719fc5258) thrown at [C:\re\workspace\8-2-build-windows-amd64-cygwin\jdk8u151\9699\hotspot\src\share\vm\prims\jni.cpp, line 709]
Event: 650.480 Thread 0x0000000004be4800 Exception <a 'java/lang/NoClassDefFoundError': com/esri/sde/sdk/client/SeConnection> (0x00000007b1022d28) thrown at [C:\re\workspace\8-2-build-windows-amd64-cygwin\jdk8u151\9699\hotspot\src\share\vm\oops\constantPool.cpp, line 235]
Event: 650.493 Thread 0x0000000004be4800 Exception <a 'java/io/FileNotFoundException'> (0x00000007b1039170) thrown at [C:\re\workspace\8-2-build-windows-amd64-cygwin\jdk8u151\9699\hotspot\src\share\vm\prims\jni.cpp, line 709]

Events (10 events):
Event: 679.876 Executing VM operation: ParallelGCFailedAllocation
Event: 679.885 Executing VM operation: ParallelGCFailedAllocation done
Event: 684.544 Executing VM operation: ParallelGCFailedAllocation
Event: 684.553 Executing VM operation: ParallelGCFailedAllocation done
Event: 689.101 Executing VM operation: ParallelGCFailedAllocation
Event: 689.110 Executing VM operation: ParallelGCFailedAllocation done
Event: 694.132 Executing VM operation: ParallelGCFailedAllocation
Event: 694.142 Executing VM operation: ParallelGCFailedAllocation done
Event: 694.169 Thread 0x0000000004be4800 DEOPT PACKING pc=0x0000000005938f03 sp=0x0000000004bdea30
Event: 694.169 Thread 0x0000000004be4800 DEOPT UNPACKING pc=0x0000000004d2787f sp=0x0000000004bde7f8 mode 0


Dynamic libraries:
0x00007ff650a20000 - 0x00007ff650a57000 	C:\Program Files\Java\jre1.8.0_151\bin\javaw.exe
0x00007ffc371c0000 - 0x00007ffc373a0000 	C:\WINDOWS\SYSTEM32\ntdll.dll
0x00007ffc35f80000 - 0x00007ffc3602e000 	C:\WINDOWS\System32\KERNEL32.DLL
0x00007ffc34360000 - 0x00007ffc345c6000 	C:\WINDOWS\System32\KERNELBASE.dll
0x00007ffc35cb0000 - 0x00007ffc35d51000 	C:\WINDOWS\System32\ADVAPI32.dll
0x00007ffc36270000 - 0x00007ffc3630d000 	C:\WINDOWS\System32\msvcrt.dll
0x00007ffc36430000 - 0x00007ffc3648b000 	C:\WINDOWS\System32\sechost.dll
0x00007ffc37070000 - 0x00007ffc3718f000 	C:\WINDOWS\System32\RPCRT4.dll
0x00007ffc36d80000 - 0x00007ffc36f0f000 	C:\WINDOWS\System32\USER32.dll
0x00007ffc345d0000 - 0x00007ffc345f0000 	C:\WINDOWS\System32\win32u.dll
0x00007ffc35c20000 - 0x00007ffc35c48000 	C:\WINDOWS\System32\GDI32.dll
0x00007ffc33670000 - 0x00007ffc33803000 	C:\WINDOWS\System32\gdi32full.dll
0x00007ffc345f0000 - 0x00007ffc3468b000 	C:\WINDOWS\System32\msvcp_win.dll
0x00007ffc33a90000 - 0x00007ffc33b86000 	C:\WINDOWS\System32\ucrtbase.dll
0x00007ffc299e0000 - 0x00007ffc29c49000 	C:\WINDOWS\WinSxS\amd64_microsoft.windows.common-controls_6595b64144ccf1df_6.0.16299.125_none_15cbcf8893620c09\COMCTL32.dll
0x00007ffc36a70000 - 0x00007ffc36d78000 	C:\WINDOWS\System32\combase.dll
0x00007ffc33b90000 - 0x00007ffc33c02000 	C:\WINDOWS\System32\bcryptPrimitives.dll
0x00007ffc35e30000 - 0x00007ffc35e5d000 	C:\WINDOWS\System32\IMM32.DLL
0x000000005a560000 - 0x000000005a632000 	C:\Program Files\Java\jre1.8.0_151\bin\msvcr100.dll
0x0000000058050000 - 0x00000000588ed000 	C:\Program Files\Java\jre1.8.0_151\bin\server\jvm.dll
0x00007ffc36fe0000 - 0x00007ffc36fe8000 	C:\WINDOWS\System32\PSAPI.DLL
0x00007ffc305a0000 - 0x00007ffc305a9000 	C:\WINDOWS\SYSTEM32\WSOCK32.dll
0x00007ffc29c60000 - 0x00007ffc29c6a000 	C:\WINDOWS\SYSTEM32\VERSION.dll
0x00007ffc301a0000 - 0x00007ffc301c3000 	C:\WINDOWS\SYSTEM32\WINMM.dll
0x00007ffc35e60000 - 0x00007ffc35ecc000 	C:\WINDOWS\System32\WS2_32.dll
0x00007ffc30140000 - 0x00007ffc3016a000 	C:\WINDOWS\SYSTEM32\winmmbase.dll
0x00007ffc33810000 - 0x00007ffc3385a000 	C:\WINDOWS\System32\cfgmgr32.dll
0x0000000057f60000 - 0x0000000057f6f000 	C:\Program Files\Java\jre1.8.0_151\bin\verify.dll
0x0000000057f30000 - 0x0000000057f59000 	C:\Program Files\Java\jre1.8.0_151\bin\java.dll
0x0000000057f10000 - 0x0000000057f26000 	C:\Program Files\Java\jre1.8.0_151\bin\zip.dll
0x00007ffc34690000 - 0x00007ffc35ac6000 	C:\WINDOWS\System32\SHELL32.dll
0x00007ffc35ed0000 - 0x00007ffc35f76000 	C:\WINDOWS\System32\shcore.dll
0x00007ffc33c10000 - 0x00007ffc34357000 	C:\WINDOWS\System32\windows.storage.dll
0x00007ffc35c50000 - 0x00007ffc35ca1000 	C:\WINDOWS\System32\shlwapi.dll
0x00007ffc33530000 - 0x00007ffc33541000 	C:\WINDOWS\System32\kernel.appcore.dll
0x00007ffc33550000 - 0x00007ffc3359c000 	C:\WINDOWS\System32\powrprof.dll
0x00007ffc335a0000 - 0x00007ffc335bb000 	C:\WINDOWS\System32\profapi.dll
0x0000000057ef0000 - 0x0000000057f0a000 	C:\Program Files\Java\jre1.8.0_151\bin\net.dll
0x00007ffc32d40000 - 0x00007ffc32da6000 	C:\WINDOWS\system32\mswsock.dll
0x0000000057ed0000 - 0x0000000057ee1000 	C:\Program Files\Java\jre1.8.0_151\bin\nio.dll
0x000000005a3c0000 - 0x000000005a558000 	C:\Program Files\Java\jre1.8.0_151\bin\awt.dll
0x00007ffc36f10000 - 0x00007ffc36fd5000 	C:\WINDOWS\System32\OLEAUT32.dll
0x00007ffc319d0000 - 0x00007ffc31a58000 	C:\WINDOWS\SYSTEM32\apphelp.dll
0x00007ffc32f00000 - 0x00007ffc32f17000 	C:\WINDOWS\SYSTEM32\CRYPTSP.dll
0x00007ffc32950000 - 0x00007ffc32983000 	C:\WINDOWS\system32\rsaenh.dll
0x00007ffc33010000 - 0x00007ffc33035000 	C:\WINDOWS\SYSTEM32\bcrypt.dll
0x00007ffc33440000 - 0x00007ffc33469000 	C:\WINDOWS\SYSTEM32\USERENV.dll
0x00007ffc32f20000 - 0x00007ffc32f2b000 	C:\WINDOWS\SYSTEM32\CRYPTBASE.dll
0x00007ffc32ad0000 - 0x00007ffc32b09000 	C:\WINDOWS\SYSTEM32\IPHLPAPI.DLL
0x00007ffc35d60000 - 0x00007ffc35d68000 	C:\WINDOWS\System32\NSI.dll
0x00007ffc2b740000 - 0x00007ffc2b756000 	C:\WINDOWS\SYSTEM32\dhcpcsvc6.DLL
0x00007ffc2b720000 - 0x00007ffc2b73a000 	C:\WINDOWS\SYSTEM32\dhcpcsvc.DLL

VM Arguments:
jvm_args: -Dfile.encoding=Cp1252 
java_command: fr/ocelet/model/dynpopculicoides/DynPopCulicoides
java_class_path (initial): C:\Program Files\Java\jre1.8.0_151\lib\resources.jar;C:\Program Files\Java\jre1.8.0_151\lib\rt.jar;C:\Program Files\Java\jre1.8.0_151\lib\jsse.jar;C:\Program Files\Java\jre1.8.0_151\lib\jce.jar;C:\Program Files\Java\jre1.8.0_151\lib\charsets.jar;C:\Program Files\Java\jre1.8.0_151\lib\jfr.jar;C:\Program Files\Java\jre1.8.0_151\lib\ext\access-bridge-64.jar;C:\Program Files\Java\jre1.8.0_151\lib\ext\cldrdata.jar;C:\Program Files\Java\jre1.8.0_151\lib\ext\dnsns.jar;C:\Program Files\Java\jre1.8.0_151\lib\ext\jaccess.jar;C:\Program Files\Java\jre1.8.0_151\lib\ext\jfxrt.jar;C:\Program Files\Java\jre1.8.0_151\lib\ext\localedata.jar;C:\Program Files\Java\jre1.8.0_151\lib\ext\nashorn.jar;C:\Program Files\Java\jre1.8.0_151\lib\ext\sunec.jar;C:\Program Files\Java\jre1.8.0_151\lib\ext\sunjce_provider.jar;C:\Program Files\Java\jre1.8.0_151\lib\ext\sunmscapi.jar;C:\Program Files\Java\jre1.8.0_151\lib\ext\sunpkcs11.jar;C:\Program Files\Java\jre1.8.0_151\lib\ext\zipfs.jar;C:\omp_sulfur_win64\workspace\DynPopCulicoides\bin;C:\omp_sulfur_win64\plugins\org.eclipse.xtext.xbase.lib_2.12.0.v20170518-0757.jar;C:\omp_sulfur_win64\plugins\com.google.guava_21.0.0.v20170206-1425.jar;C:\omp_sulfur_win64\plugins\fr.ocelet.datafacer_2.0.0.jar;C:\omp_sulfur_win64\plugins\fr.ocelet.runtime_2.0.2.jar;C:\omp_sulfur_win64\plugins\fr.ocelet_2.0.0.jar;C:\omp_sulfur_win64\plugins\fr.ocelet.libs_2.0.0\commons-codec-1.2.jar;C:\omp_sulfur_win64\plugins\fr.ocelet.libs_2.0.0\commons-dbcp-1.3.jar;C:\omp_sulfur_win64\plugins\fr.ocelet.libs_2.0.0\commons-io-1.4.jar;C:\omp_sulfur_win64\plugins\fr.ocelet.libs_2.0.0\commons-lang-2.4.jar;C:\omp_sulfur_win64\plugins\fr.ocelet.libs_2.0.0\commons-logging-1.0.4.jar;C:\omp_sulfur_win64\plugins\fr.ocelet.libs_2.0.0\commons-pool-1.5.4.jar;C:\omp_sulfur_win64\plugins\fr.ocelet.libs_2.0.0\google-collections-0.8.jar;C:\omp_sulfur_win64\plugins\fr.ocelet.libs_2.0.0\jts-1.13.jar;C:\omp_sulfur_win64\plugins\fr.ocelet.libs_2.0.0\vecmath-1.3.2.jar;C:\o
Launcher Type: SUN_STANDARD

Environment Variables:
PATH=C:/Program Files/Java/jre1.8.0_151/bin/server;C:/Program Files/Java/jre1.8.0_151/bin;C:/Program Files/Java/jre1.8.0_151/lib/amd64;C:\ProgramData\Oracle\Java\javapath;C:\WINDOWS\system32;C:\WINDOWS;C:\WINDOWS\System32\Wbem;C:\WINDOWS\System32\WindowsPowerShell\v1.0\;C:\Program Files\Git\cmd;C:\Program Files\Git\bin;C:\Users\Samuel\AppData\Local\Microsoft\WindowsApps;;C:\omp_sulfur_win64;
USERNAME=Samuel
OS=Windows_NT
PROCESSOR_IDENTIFIER=Intel64 Family 6 Model 94 Stepping 3, GenuineIntel



---------------  S Y S T E M  ---------------

OS: Windows 10.0 , 64 bit Build 16299 (10.0.16299.15)

CPU:total 8 (initial active 8) (4 cores per cpu, 2 threads per core) family 6 model 94 stepping 3, cmov, cx8, fxsr, mmx, sse, sse2, sse3, ssse3, sse4.1, sse4.2, popcnt, avx, avx2, aes, clmul, erms, rtm, 3dnowpref, lzcnt, ht, tsc, tscinvbit, bmi1, bmi2, adx

Memory: 4k page, physical 66888284k(36168932k free), swap 268214876k(24076k free)

vm_info: Java HotSpot(TM) 64-Bit Server VM (25.151-b12) for windows-amd64 JRE (1.8.0_151-b12), built on Sep  5 2017 19:33:46 by "java_re" with MS VC++ 10.0 (VS2010)

time: Fri Mar 30 11:23:57 2018
elapsed time: 696 seconds (0d 0h 11m 36s)

